Assuming unrestricted shared filesystem usage.
host: cs-402329414389-default
Building DAG of jobs...
Using shell: /usr/bin/bash
Provided cores: 1 (use --cores to define parallelism)
Rules claiming more threads will be scaled down.
Job stats:
job            count
-----------  -------
all                1
plot_conc          1
plot_fanout        1
plot_post          1
test_conc          1
test_fanout        1
test_post          1
total              7

Select jobs to execute...
Execute 1 jobs...
[Mon Nov 24 07:50:48 2025]
localrule test_post:
    output: out/post.csv
    jobid: 4
    reason: Missing output files: out/post.csv
    resources: tmpdir=/tmp
Select jobs to execute...
RuleException:
CalledProcessError in file "/home/naitslimanimaroua/tinyinsta/Snakefile", line 44:
Command 'set -euo pipefail;  
        mkdir -p out
        echo "PARAM,AVG_TIME,RUN,FAILED" > out/post.csv
        
        echo ">>> [1/3] Config: 10 posts/user"
        python clear_datastore.py
        python seed.py --users 1000 --posts 10000 --follows 20
        sleep 30
        python benchmark.py --url https://tinyints.ew.r.appspot.com --test post --posts 10 --prefix user --output out
        
        echo ">>> [2/3] Config: 100 posts/user"
        python clear_datastore.py
        python seed.py --users 1000 --posts 100000 --follows 20
        sleep 30
        python benchmark.py --url https://tinyints.ew.r.appspot.com --test post --posts 100 --prefix user --output out
        
        echo ">>> [3/3] Config: 1000 posts/user"
        python clear_datastore.py
        python seed.py --users 1000 --posts 1000000 --follows 20
        sleep 60
        python benchmark.py --url https://tinyints.ew.r.appspot.com --test post --posts 1000 --prefix user --output out' returned non-zero exit status 1.
[Mon Nov 24 07:57:48 2025]
Error in rule test_post:
    message: None
    jobid: 4
    output: out/post.csv
    shell:
        
        mkdir -p out
        echo "PARAM,AVG_TIME,RUN,FAILED" > out/post.csv
        
        echo ">>> [1/3] Config: 10 posts/user"
        python clear_datastore.py
        python seed.py --users 1000 --posts 10000 --follows 20
        sleep 30
        python benchmark.py --url https://tinyints.ew.r.appspot.com --test post --posts 10 --prefix user --output out
        
        echo ">>> [2/3] Config: 100 posts/user"
        python clear_datastore.py
        python seed.py --users 1000 --posts 100000 --follows 20
        sleep 30
        python benchmark.py --url https://tinyints.ew.r.appspot.com --test post --posts 100 --prefix user --output out
        
        echo ">>> [3/3] Config: 1000 posts/user"
        python clear_datastore.py
        python seed.py --users 1000 --posts 1000000 --follows 20
        sleep 60
        python benchmark.py --url https://tinyints.ew.r.appspot.com --test post --posts 1000 --prefix user --output out
        
        (command exited with non-zero exit code)
Removing output files of failed job test_post since they might be corrupted:
out/post.csv
Shutting down, this might take some time.
Exiting because a job execution failed. Look below for error messages
[Mon Nov 24 07:57:48 2025]
Error in rule test_post:
    message: None
    jobid: 4
    output: out/post.csv
    shell:
        
        mkdir -p out
        echo "PARAM,AVG_TIME,RUN,FAILED" > out/post.csv
        
        echo ">>> [1/3] Config: 10 posts/user"
        python clear_datastore.py
        python seed.py --users 1000 --posts 10000 --follows 20
        sleep 30
        python benchmark.py --url https://tinyints.ew.r.appspot.com --test post --posts 10 --prefix user --output out
        
        echo ">>> [2/3] Config: 100 posts/user"
        python clear_datastore.py
        python seed.py --users 1000 --posts 100000 --follows 20
        sleep 30
        python benchmark.py --url https://tinyints.ew.r.appspot.com --test post --posts 100 --prefix user --output out
        
        echo ">>> [3/3] Config: 1000 posts/user"
        python clear_datastore.py
        python seed.py --users 1000 --posts 1000000 --follows 20
        sleep 60
        python benchmark.py --url https://tinyints.ew.r.appspot.com --test post --posts 1000 --prefix user --output out
        
        (command exited with non-zero exit code)
Complete log(s): /home/naitslimanimaroua/tinyinsta/.snakemake/log/2025-11-24T075048.123999.snakemake.log
WorkflowError:
At least one job did not complete successfully.
